app-full/build/outputs/mapping/release/configuration.txt
# The proguard configuration file for the following section is Android Gradle plugin 9.3.2 (extracted file: /Users/sahil-sign3/AndroidStudioProjects/librarybompoc/app-full/build/intermediates/default_proguard_files/global/proguard-android-optimize.txt-9.3.2)
# This is a configuration file for ProGuard.
# http://proguard.sourceforge.net/index.html#manual/usage.html
#
# Starting with version 2.2 of the Android plugin for Gradle, this file is distributed together with
# the plugin and unpacked at build-time. The files in $ANDROID_HOME are no longer maintained and
# will be ignored by new version of the Android plugin for Gradle.

# Optimizations: If you don't want to optimize, use the proguard-android.txt configuration file
# instead of this one, which turns off the optimization flags.
-allowaccessmodification

# Preserve some attributes that may be required for reflection.
-keepattributes AnnotationDefault,
                EnclosingMethod,
                InnerClasses,
                RuntimeVisibleAnnotations,
                RuntimeVisibleParameterAnnotations,
                RuntimeVisibleTypeAnnotations,
                Signature

-keep public class com.google.vending.licensing.ILicensingService
-keep public class com.android.vending.licensing.ILicensingService
-keep public class com.google.android.vending.licensing.ILicensingService
-dontnote com.android.vending.licensing.ILicensingService
-dontnote com.google.vending.licensing.ILicensingService
-dontnote com.google.android.vending.licensing.ILicensingService

# For native methods, see https://www.guardsquare.com/manual/configuration/examples#native
-keepclasseswithmembernames,includedescriptorclasses class * {
    native <methods>;
}

# Keep setters in Views so that animations can still work.
-keepclassmembers public class * extends android.view.View {
    void set*(***);
    *** get*();
}

# We want to keep methods in Activity that could be used in the XML attribute onClick.
-keepclassmembers class * extends android.app.Activity {
    public void *(android.view.View);
}

# For enumeration classes, see https://www.guardsquare.com/manual/configuration/examples#enumerations
-keepclassmembers enum * {
    public static **[] values();
    public static ** valueOf(java.lang.String);
}

-keepclassmembers class * implements android.os.Parcelable {
    public static final ** CREATOR;
}

# Preserve annotated Javascript interface methods.
-keepclassmembers class * {
    @android.webkit.JavascriptInterface <methods>;
}

# The support libraries contains references to newer platform versions.
# Don't warn about those in case this app is linking against an older
# platform version. We know about them, and they are safe.
-dontnote android.support.**
-dontnote androidx.**
-dontwarn android.support.**
-dontwarn androidx.**

# Understand the @Keep support annotation.
-keep class android.support.annotation.Keep

-keep @android.support.annotation.Keep class * {*;}

-keepclasseswithmembers class * {
    @android.support.annotation.Keep <methods>;
}

-keepclasseswithmembers class * {
    @android.support.annotation.Keep <fields>;
}

-keepclasseswithmembers class * {
    @android.support.annotation.Keep <init>(...);
}

# These classes are duplicated between android.jar and org.apache.http.legacy.jar.
-dontnote org.apache.http.**
-dontnote android.net.http.**

# These classes are duplicated between android.jar and core-lambda-stubs.jar.
-dontnote java.lang.invoke.**

# End of content from Android Gradle plugin 9.3.2 (extracted file: /Users/sahil-sign3/AndroidStudioProjects/librarybompoc/app-full/build/intermediates/default_proguard_files/global/proguard-android-optimize.txt-9.3.2)
# The proguard configuration file for the following section is androidx.navigationevent:navigationevent-android:1.0.0 (extracted file: /Users/sahil-sign3/.gradle/caches/9.5.0/transforms/7d22830a593a055b4f0af50f4fb35950/transformed/navigationevent/proguard.txt)
# Intentionally empty proguard rules to indicate this library is safe to shrink

# End of content from androidx.navigationevent:navigationevent-android:1.0.0 (extracted file: /Users/sahil-sign3/.gradle/caches/9.5.0/transforms/7d22830a593a055b4f0af50f4fb35950/transformed/navigationevent/proguard.txt)
# The proguard configuration file for the following section is androidx.navigationevent:navigationevent-compose-android:1.0.0 (extracted file: /Users/sahil-sign3/.gradle/caches/9.5.0/transforms/e4f4550a74291f76cc5afd805d1e3b13/transformed/navigationevent-compose/proguard.txt)
# Intentionally empty proguard rules to indicate this library is safe to shrink

# End of content from androidx.navigationevent:navigationevent-compose-android:1.0.0 (extracted file: /Users/sahil-sign3/.gradle/caches/9.5.0/transforms/e4f4550a74291f76cc5afd805d1e3b13/transformed/navigationevent-compose/proguard.txt)
# The proguard configuration file for the following section is androidx.compose.material3:material3-android:1.4.0 (extracted file: /Users/sahil-sign3/.gradle/caches/9.5.0/transforms/e567bcf79083b97f637dcf3186a12d76/transformed/material3/proguard.txt)
# Intentionally empty proguard rules to indicate this library is safe to shrink

# End of content from androidx.compose.material3:material3-android:1.4.0 (extracted file: /Users/sahil-sign3/.gradle/caches/9.5.0/transforms/e567bcf79083b97f637dcf3186a12d76/transformed/material3/proguard.txt)
# The proguard configuration file for the following section is androidx.compose.animation:animation-core-android:1.10.4 (extracted file: /Users/sahil-sign3/.gradle/caches/9.5.0/transforms/73622e5d5b0148e3313241eb8468a4ab/transformed/animation-core/proguard.txt)
# Copyright (C) 2020 The Android Open Source Project
#
# Licensed under the Apache License, Version 2.0 (the "License");
# you may not use this file except in compliance with the License.
# You may obtain a copy of the License at
#
#      http://www.apache.org/licenses/LICENSE-2.0
#
# Unless required by applicable law or agreed to in writing, software
# distributed under the License is distributed on an "AS IS" BASIS,
# WITHOUT WARRANTIES OR CONDITIONS OF ANY KIND, either express or implied.
# See the License for the specific language governing permissions and
# limitations under the License.

# Keep all the functions created to throw an exception. We don't want these functions to be
# inlined in any way, which R8 will do by default. The whole point of these functions is to
# reduce the amount of code generated at the call site.
-keepclassmembers,allowshrinking,allowobfuscation class androidx.compose.**.* {
    static void throw*Exception(...);
    static void throw*ExceptionForNullCheck(...);
    # For methods returning Nothing
    static java.lang.Void throw*Exception(...);
    static java.lang.Void throw*ExceptionForNullCheck(...);
}

# End of content from androidx.compose.animation:animation-core-android:1.10.4 (extracted file: /Users/sahil-sign3/.gradle/caches/9.5.0/transforms/73622e5d5b0148e3313241eb8468a4ab/transformed/animation-core/proguard.txt)
# The proguard configuration file for the following section is androidx.compose.material:material-ripple-android:1.10.4 (extracted file: /Users/sahil-sign3/.gradle/caches/9.5.0/transforms/584e4d30f457fedb1a34b7a70b85e682/transformed/material-ripple/proguard.txt)
# Intentionally empty proguard rules to indicate this library is safe to shrink

# End of content from androidx.compose.material:material-ripple-android:1.10.4 (extracted file: /Users/sahil-sign3/.gradle/caches/9.5.0/transforms/584e4d30f457fedb1a34b7a70b85e682/transformed/material-ripple/proguard.txt)
# The proguard configuration file for the following section is androidx.compose.animation:animation-android:1.10.4 (extracted file: /Users/sahil-sign3/.gradle/caches/9.5.0/transforms/f655c44035a50a433009ef551ff6c55c/transformed/animation/proguard.txt)
# Intentionally empty proguard rules to indicate this library is safe to shrink

# End of content from androidx.compose.animation:animation-android:1.10.4 (extracted file: /Users/sahil-sign3/.gradle/caches/9.5.0/transforms/f655c44035a50a433009ef551ff6c55c/transformed/animation/proguard.txt)
# The proguard configuration file for the following section is androidx.compose.foundation:foundation-layout-android:1.10.4 (extracted file: /Users/sahil-sign3/.gradle/caches/9.5.0/transforms/68ec0e4684613528344ec9396ebfe06b/transformed/foundation-layout/proguard.txt)
# Copyright (C) 2020 The Android Open Source Project
#
# Licensed under the Apache License, Version 2.0 (the "License");
# you may not use this file except in compliance with the License.
# You may obtain a copy of the License at
#
#      http://www.apache.org/licenses/LICENSE-2.0
#
# Unless required by applicable law or agreed to in writing, software
# distributed under the License is distributed on an "AS IS" BASIS,
# WITHOUT WARRANTIES OR CONDITIONS OF ANY KIND, either express or implied.
# See the License for the specific language governing permissions and
# limitations under the License.

# Keep all the functions created to throw an exception. We don't want these functions to be
# inlined in any way, which R8 will do by default. The whole point of these functions is to
# reduce the amount of code generated at the call site.
-keepclassmembers,allowshrinking,allowobfuscation class androidx.compose.**.* {
    static void throw*Exception(...);
    static void throw*ExceptionForNullCheck(...);
    # For methods returning Nothing
    static java.lang.Void throw*Exception(...);
    static java.lang.Void throw*ExceptionForNullCheck(...);
}

# End of content from androidx.compose.foundation:foundation-layout-android:1.10.4 (extracted file: /Users/sahil-sign3/.gradle/caches/9.5.0/transforms/68ec0e4684613528344ec9396ebfe06b/transformed/foundation-layout/proguard.txt)
# The proguard configuration file for the following section is androidx.compose.foundation:foundation-android:1.10.4 (extracted file: /Users/sahil-sign3/.gradle/caches/9.5.0/transforms/3917817f99d4b1c1047a7c10e2f27dd7/transformed/foundation/proguard.txt)
# Copyright (C) 2020 The Android Open Source Project
#
# Licensed under the Apache License, Version 2.0 (the "License");
# you may not use this file except in compliance with the License.
# You may obtain a copy of the License at
#
#      http://www.apache.org/licenses/LICENSE-2.0
#
# Unless required by applicable law or agreed to in writing, software
# distributed under the License is distributed on an "AS IS" BASIS,
# WITHOUT WARRANTIES OR CONDITIONS OF ANY KIND, either express or implied.
# See the License for the specific language governing permissions and
# limitations under the License.

# Keep all the functions created to throw an exception. We don't want these functions to be
# inlined in any way, which R8 will do by default. The whole point of these functions is to
# reduce the amount of code generated at the call site.
-keepclassmembers,allowshrinking,allowobfuscation class androidx.compose.**.* {
    static void throw*Exception(...);
    # For methods returning Nothing
    static java.lang.Void throw*Exception(...);
}


# End of content from androidx.compose.foundation:foundation-android:1.10.4 (extracted file: /Users/sahil-sign3/.gradle/caches/9.5.0/transforms/3917817f99d4b1c1047a7c10e2f27dd7/transformed/foundation/proguard.txt)
# The proguard configuration file for the following section is androidx.compose.ui:ui-unit-android:1.10.4 (extracted file: /Users/sahil-sign3/.gradle/caches/9.5.0/transforms/7a03b33238817ee9bea2f737c3be5040/transformed/ui-unit/proguard.txt)
# Copyright (C) 2020 The Android Open Source Project
#
# Licensed under the Apache License, Version 2.0 (the "License");
# you may not use this file except in compliance with the License.
# You may obtain a copy of the License at
#
#      http://www.apache.org/licenses/LICENSE-2.0
#
# Unless required by applicable law or agreed to in writing, software
# distributed under the License is distributed on an "AS IS" BASIS,
# WITHOUT WARRANTIES OR CONDITIONS OF ANY KIND, either express or implied.
# See the License for the specific language governing permissions and
# limitations under the License.

# Keep all the functions created to throw an exception. We don't want these functions to be
# inlined in any way, which R8 will do by default. The whole point of these functions is to
# reduce the amount of code generated at the call site.
-keepclassmembers,allowshrinking,allowobfuscation class androidx.compose.**.* {
    static void throw*Exception(...);
    static void throw*ExceptionForNullCheck(...);
    # For methods returning Nothing
    static java.lang.Void throw*Exception(...);
    static java.lang.Void throw*ExceptionForNullCheck(...);
}

# End of content from androidx.compose.ui:ui-unit-android:1.10.4 (extracted file: /Users/sahil-sign3/.gradle/caches/9.5.0/transforms/7a03b33238817ee9bea2f737c3be5040/transformed/ui-unit/proguard.txt)
# The proguard configuration file for the following section is androidx.compose.ui:ui-graphics-android:1.10.4 (extracted file: /Users/sahil-sign3/.gradle/caches/9.5.0/transforms/00ad63d8bf45295050eea04d0c303d1b/transformed/ui-graphics/proguard.txt)
# Copyright (C) 2020 The Android Open Source Project
#
# Licensed under the Apache License, Version 2.0 (the "License");
# you may not use this file except in compliance with the License.
# You may obtain a copy of the License at
#
#      http://www.apache.org/licenses/LICENSE-2.0
#
# Unless required by applicable law or agreed to in writing, software
# distributed under the License is distributed on an "AS IS" BASIS,
# WITHOUT WARRANTIES OR CONDITIONS OF ANY KIND, either express or implied.
# See the License for the specific language governing permissions and
# limitations under the License.

# Keep all the functions created to throw an exception. We don't want these functions to be
# inlined in any way, which R8 will do by default. The whole point of these functions is to
# reduce the amount of code generated at the call site.
-keepclassmembers,allowshrinking,allowobfuscation class androidx.compose.**.* {
    static void throw*Exception(...);
    static void throw*ExceptionForNullCheck(...);
    # For methods returning Nothing
    static java.lang.Void throw*Exception(...);
    static java.lang.Void throw*ExceptionForNullCheck(...);
}
-keepclassmembers class androidx.compose.ui.graphics.layer.view.ViewLayerContainer {
    protected void dispatchGetDisplayList();
}
-keepclassmembers class androidx.compose.ui.graphics.layer.view.PlaceholderHardwareCanvas {
    public int drawRenderNode(...);
    public boolean isHardwareAccelerated();
}

# End of content from androidx.compose.ui:ui-graphics-android:1.10.4 (extracted file: /Users/sahil-sign3/.gradle/caches/9.5.0/transforms/00ad63d8bf45295050eea04d0c303d1b/transformed/ui-graphics/proguard.txt)
# The proguard configuration file for the following section is androidx.compose.ui:ui-geometry-android:1.10.4 (extracted file: /Users/sahil-sign3/.gradle/caches/9.5.0/transforms/5f03239dbdd7b8e569948c846d2fc982/transformed/ui-geometry/proguard.txt)
# Intentionally empty proguard rules to indicate this library is safe to shrink

# End of content from androidx.compose.ui:ui-geometry-android:1.10.4 (extracted file: /Users/sahil-sign3/.gradle/caches/9.5.0/transforms/5f03239dbdd7b8e569948c846d2fc982/transformed/ui-geometry/proguard.txt)
# The proguard configuration file for the following section is androidx.compose.ui:ui-util-android:1.10.4 (extracted file: /Users/sahil-sign3/.gradle/caches/9.5.0/transforms/a5291d7b093686308fa6f1ae7926d98b/transformed/ui-util/proguard.txt)
# Copyright (C) 2020 The Android Open Source Project
#
# Licensed under the Apache License, Version 2.0 (the "License");
# you may not use this file except in compliance with the License.
# You may obtain a copy of the License at
#
#      http://www.apache.org/licenses/LICENSE-2.0
#
# Unless required by applicable law or agreed to in writing, software
# distributed under the License is distributed on an "AS IS" BASIS,
# WITHOUT WARRANTIES OR CONDITIONS OF ANY KIND, either express or implied.
# See the License for the specific language governing permissions and
# limitations under the License.

# Keep all the functions created to throw an exception. We don't want these functions to be
# inlined in any way, which R8 will do by default. The whole point of these functions is to
# reduce the amount of code generated at the call site.
-keepclassmembers,allowshrinking,allowobfuscation class androidx.compose.**.* {
    static void throw*Exception(...);
    static void throw*ExceptionForNullCheck(...);
    # For methods returning Nothing
    static java.lang.Void throw*Exception(...);
    static java.lang.Void throw*ExceptionForNullCheck(...);
}

# End of content from androidx.compose.ui:ui-util-android:1.10.4 (extracted file: /Users/sahil-sign3/.gradle/caches/9.5.0/transforms/a5291d7b093686308fa6f1ae7926d98b/transformed/ui-util/proguard.txt)
# The proguard configuration file for the following section is androidx.compose.ui:ui-text-android:1.10.4 (extracted file: /Users/sahil-sign3/.gradle/caches/9.5.0/transforms/971ac60b24d966687aad7414f6f0f88f/transformed/ui-text/proguard.txt)
# Copyright (C) 2020 The Android Open Source Project
#
# Licensed under the Apache License, Version 2.0 (the "License");
# you may not use this file except in compliance with the License.
# You may obtain a copy of the License at
#
#      http://www.apache.org/licenses/LICENSE-2.0
#
# Unless required by applicable law or agreed to in writing, software
# distributed under the License is distributed on an "AS IS" BASIS,
# WITHOUT WARRANTIES OR CONDITIONS OF ANY KIND, either express or implied.
# See the License for the specific language governing permissions and
# limitations under the License.

# Keep all the functions created to throw an exception. We don't want these functions to be
# inlined in any way, which R8 will do by default. The whole point of these functions is to
# reduce the amount of code generated at the call site.
-keepclassmembers,allowshrinking,allowobfuscation class androidx.compose.**.* {
    static void throw*Exception(...);
    static void throw*ExceptionForNullCheck(...);
    # For methods returning Nothing
    static java.lang.Void throw*Exception(...);
    static java.lang.Void throw*ExceptionForNullCheck(...);
}

# End of content from androidx.compose.ui:ui-text-android:1.10.4 (extracted file: /Users/sahil-sign3/.gradle/caches/9.5.0/transforms/971ac60b24d966687aad7414f6f0f88f/transformed/ui-text/proguard.txt)
# The proguard configuration file for the following section is androidx.compose.ui:ui-tooling-preview-android:1.10.4 (extracted file: /Users/sahil-sign3/.gradle/caches/9.5.0/transforms/c81f5d85c88d1d20432fa65872241c95/transformed/ui-tooling-preview/proguard.txt)
# Intentionally empty proguard rules to indicate this library is safe to shrink

# End of content from androidx.compose.ui:ui-tooling-preview-android:1.10.4 (extracted file: /Users/sahil-sign3/.gradle/caches/9.5.0/transforms/c81f5d85c88d1d20432fa65872241c95/transformed/ui-tooling-preview/proguard.txt)
# The proguard configuration file for the following section is androidx.compose.ui:ui-android:1.10.4 (extracted file: /Users/sahil-sign3/.gradle/caches/9.5.0/transforms/a03689602285550ca47fbc1d7bc63c9b/transformed/ui/proguard.txt)
# Copyright (C) 2020 The Android Open Source Project
#
# Licensed under the Apache License, Version 2.0 (the "License");
# you may not use this file except in compliance with the License.
# You may obtain a copy of the License at
#
#      http://www.apache.org/licenses/LICENSE-2.0
#
# Unless required by applicable law or agreed to in writing, software
# distributed under the License is distributed on an "AS IS" BASIS,
# WITHOUT WARRANTIES OR CONDITIONS OF ANY KIND, either express or implied.
# See the License for the specific language governing permissions and
# limitations under the License.