app-full/build/outputs/mapping/release/seeds.txt
com.sign3.demo.full.MainActivity
com.sign3.demo.full.MainActivity: MainActivity()
...
androidx.compose.foundation.text.modifiers.TextStringSimpleElement
androidx.compose.ui.input.pointer.SuspendPointerInputElement
androidx.window.area.reflectionguard.WindowAreaComponentApi3Requirements
androidx.compose.foundation.layout.SizeElement
androidx.core.graphics.drawable.IconCompatParcelizer
androidx.lifecycle.SavedStateHandlesVM
androidx.compose.ui.draganddrop.AndroidDragAndDropManager$modifier$1
androidx.lifecycle.ReportFragment$LifecycleCallbacks
androidx.compose.material3.internal.ChildSemanticsNodeElement
androidx.window.reflection.JFunction2
androidx.compose.ui.graphics.GraphicsLayerElement
androidx.compose.ui.draw.DrawBehindElement
androidx.compose.foundation.layout.FillElement
androidx.lifecycle.ProcessLifecycleOwner$attach$1
kotlinx.coroutines.internal.StackTraceRecoveryKt
androidx.compose.ui.semantics.AppendedSemanticsElement
androidx.annotation.Keep
android.support.v4.app.RemoteActionCompatParcelizer
androidx.versionedparcelable.ParcelImpl
androidx.compose.foundation.layout.WrapContentElement
androidx.compose.ui.input.pointer.PointerHoverIconModifierElement
androidx.window.reflection.Predicate2
androidx.compose.foundation.IndicationModifierElement
androidx.graphics.path.PathIteratorPreApi34Impl
androidx.startup.InitializationProvider
androidx.graphics.path.ConicConverter
androidx.compose.ui.input.pointer.PointerInputEventHandler
kotlin.coroutines.jvm.internal.BaseContinuationImpl
androidx.compose.foundation.layout.UnspecifiedConstraintsElement
androidx.versionedparcelable.CustomVersionedParcelable
androidx.compose.foundation.ScrollingLayoutElement
androidx.compose.ui.platform.LifecycleRetainedValuesStoreOwner
androidx.profileinstaller.ProfileInstallReceiver
androidx.core.graphics.drawable.IconCompat
android.support.v4.graphics.drawable.IconCompatParcelizer
androidx.window.area.reflectionguard.ExtensionWindowAreaPresentationRequirements
androidx.emoji2.text.EmojiCompatInitializer
androidx.compose.foundation.text.modifiers.TextAnnotatedStringElement
androidx.window.area.reflectionguard.ExtensionWindowAreaStatusRequirements
androidx.window.reflection.Consumer2
androidx.compose.foundation.BorderModifierNodeElement
androidx.lifecycle.LifecycleDispatcher$DispatcherActivityCallback
androidx.compose.ui.platform.AndroidComposeView$root$1$1
androidx.core.app.RemoteActionCompat
androidx.compose.material3.MinimumInteractiveModifier
androidx.compose.foundation.BackgroundElement
androidx.lifecycle.ReportFragment
androidx.compose.foundation.layout.PaddingValuesElement
androidx.compose.ui.focus.FocusOwnerImpl$modifier$1
androidx.compose.foundation.text.modifiers.SelectableTextAnnotatedStringElement
androidx.lifecycle.LegacySavedStateHandleController$OnRecreation
androidx.compose.foundation.layout.PaddingElement
androidx.compose.foundation.ClickableElement
androidx.core.app.CoreComponentFactory
androidx.lifecycle.ProcessLifecycleOwner$attach$1$onActivityPreCreated$1
androidx.core.app.RemoteActionCompatParcelizer
androidx.compose.foundation.ScrollableAreaElement
androidx.profileinstaller.ProfileInstallerInitializer
androidx.lifecycle.ProcessLifecycleInitializer
androidx.versionedparcelable.ParcelImpl: android.os.Parcelable$Creator CREATOR
kotlinx.coroutines.CancelledContinuation: int _resumed$volatile
kotlinx.coroutines.channels.BufferedChannel: java.lang.Object bufferEndSegment$volatile
androidx.lifecycle.Lifecycle$Event: androidx.lifecycle.Lifecycle$Event ON_CREATE
kotlinx.coroutines.sync.SemaphoreAndMutexImpl: java.lang.Object head$volatile
kotlinx.coroutines.JobSupport: java.lang.Object _parentHandle$volatile
kotlinx.coroutines.internal.LockFreeTaskQueueCore: java.lang.Object _next$volatile
kotlinx.coroutines.flow.StateFlowImpl: java.lang.Object _state$volatile
kotlinx.coroutines.scheduling.WorkQueue: int blockingTasksInBuffer$volatile
kotlinx.coroutines.channels.BufferedChannel: java.lang.Object sendSegment$volatile
kotlinx.coroutines.EventLoopImplBase: java.lang.Object _queue$volatile