app-full/build/outputs/mapping/release/mapping.txt
# compiler: R8
# compiler_version: 9.3.16
# min_api: 24
# common_typos_disable
# {"id":"com.android.tools.r8.mapping","version":"2.2"}
# pg_map_id: 8f3188886910574dce1c5b7e7e69ba31230fdf1a672ad9db4a644ffe228d3c7d
# pg_map_hash: SHA-256 8f3188886910574dce1c5b7e7e69ba31230fdf1a672ad9db4a644ffe228d3c7d
com.sign3.demo.full.ComposableSingletons$MainActivityKt$$ExternalSyntheticLambda1 -> he:
# {"id":"sourceFile","fileName":"R8$$SyntheticClass"}
# {"id":"com.android.tools.r8.synthesized"}
    int ComposableSingletons$MainActivityKt$$ExternalSyntheticLambda1.$r8$classId -> d
      # {"id":"com.android.tools.r8.synthesized"}
    1:6:void ComposableSingletons$MainActivityKt$$ExternalSyntheticLambda1.<init>(int):0:0 -> <init>
      # {"id":"com.android.tools.r8.synthesized"}
    15:19:long androidx.compose.ui.unit.TextUnit.access$getUnspecified$cp():83:83 -> d
    15:19:long androidx.compose.ui.unit.TextUnit$Companion.getUnspecified-XSAIIZE():210 -> d
    15:19:java.lang.Object androidx.compose.ui.text.SaversKt.TextUnitSaver$lambda$0(androidx.compose.runtime.saveable.SaverScope,androidx.compose.ui.unit.TextUnit):487 -> d
    15:19:java.lang.Object ComposableSingletons$MainActivityKt$$ExternalSyntheticLambda1.invoke(java.lang.Object,java.lang.Object):0 -> d
      # {"id":"com.android.tools.r8.synthesized"}
    20:21:long androidx.compose.ui.unit.TextUnit.unbox-impl():0:0 -> d
    20:21:java.lang.Object androidx.compose.ui.text.SaversKt.TextUnitSaver$lambda$0(androidx.compose.runtime.saveable.SaverScope,androidx.compose.ui.unit.TextUnit):487 -> d
      # {"id":"com.android.tools.r8.rewriteFrame","conditions":["throws(Ljava/lang/NullPointerException;)"],"actions":["removeInnerFrames(1)"]}
com.sign3.demo.full.MainActivity -> com.sign3.demo.full.MainActivity:
# {"id":"sourceFile","fileName":"MainActivity.kt"}
    1:4:void <init>():14:14 -> <init>
    1:3:void onCreate(android.os.Bundle):16:16 -> onCreate
    4:5:kotlin.jvm.functions.Function2 com.sign3.demo.full.ComposableSingletons$MainActivityKt.getLambda$-1690141821$app_full():0:0 -> onCreate
    4:5:void onCreate(android.os.Bundle):17 -> onCreate
    6:7:void onCreate(android.os.Bundle):17:17 -> onCreate
    8:40:void androidx.activity.compose.ComponentActivityKt.setContent(androidx.activity.ComponentActivity,androidx.compose.runtime.CompositionContext,kotlin.jvm.functions.Function2):55:55 -> onCreate
    8:40:void androidx.activity.compose.ComponentActivityKt.setContent$default(androidx.activity.ComponentActivity,androidx.compose.runtime.CompositionContext,kotlin.jvm.functions.Function2,int,java.lang.Object):50 -> onCreate
    8:40:void onCreate(android.os.Bundle):17 -> onCreate
    41:43:void androidx.activity.compose.ComponentActivityKt.setContent(androidx.activity.ComponentActivity,androidx.compose.runtime.CompositionContext,kotlin.jvm.functions.Function2):59:59 -> onCreate
    41:43:void androidx.activity.compose.ComponentActivityKt.setContent$default(androidx.activity.ComponentActivity,androidx.compose.runtime.CompositionContext,kotlin.jvm.functions.Function2,int,java.lang.Object):50 -> onCreate
    41:43:void onCreate(android.os.Bundle):17 -> onCreate
...
androidx.collection.LongObjectMapKt -> dz:
# {"id":"sourceFile","fileName":"LongObjectMap.kt"}
    int $r8$clinit -> a
      # {"id":"com.android.tools.r8.synthesized"}
    1:7:void <clinit>():43:43 -> <clinit>
androidx.collection.LongSet -> R8$$REMOVED$$CLASS$$13:
# {"id":"sourceFile","fileName":"LongSet.kt"}
androidx.collection.LongSetKt -> ez:
# {"id":"sourceFile","fileName":"LongSet.kt"}
    long[] EmptyLongArray -> a
    1:6:void <clinit>():49:49 -> <clinit>
    7:11:void <clinit>():52:52 -> <clinit>
androidx.collection.LongSparseArray -> fz:
# {"id":"sourceFile","fileName":"LongSparseArray.jvm.kt"}
    boolean garbage -> d
    long[] keys -> e
    java.lang.Object[] values -> f
    int size -> g
    1:5:void <init>(int):51:51 -> <init>
    6:9:void <init>(int):72:72 -> <init>
    10:32:void <init>(int):73:73 -> <init>
    33:34:int androidx.collection.internal.ContainerHelpersKt.idealLongArraySize(int):32:32 -> <init>
    33:34:void <init>(int):75 -> <init>
    35:38:void <init>(int):76:76 -> <init>
    39:43:void <init>(int):77:77 -> <init>
    44:44:void <init>(int,int,kotlin.jvm.internal.DefaultConstructorMarker):53:53 -> <init>
      # {"id":"com.android.tools.r8.residualsignature","signature":"()V"}
    3:6:long keyAt(int):389:389 -> a
    7:10:long keyAt(int):395:395 -> a
    11:12:long keyAt(int):399:399 -> a
    13:19:long keyAt(int):400:400 -> a
    20:21:long keyAt(int):402:402 -> a
    22:27:java.lang.Object androidx.collection.LongSparseArrayKt.access$getDELETED$p():1:1 -> a
    22:27:long keyAt(int):403 -> a
    28:31:long keyAt(int):405:405 -> a
    32:34:long keyAt(int):406:406 -> a
    35:41:long keyAt(int):407:407 -> a
    42:43:long keyAt(int):412:412 -> a
    44:45:long keyAt(int):413:413 -> a
    46:50:long keyAt(int):415:415 -> a
    51:52:long keyAt(int):393:393 -> a
    53:58:void androidx.collection.internal.RuntimeHelpersKt.throwIllegalArgumentException(java.lang.String):52:52 -> a
    53:58:long keyAt(int):392 -> a
androidx.collection.LruCache -> qz:
# {"id":"sourceFile","fileName":"LruCache.kt"}
    int maxSize -> a
    androidx.collection.internal.LruHashMap map -> b
      # {"id":"com.android.tools.r8.residualsignature","signature":"Lrz;"}
    androidx.collection.internal.Lock lock -> c
      # {"id":"com.android.tools.r8.residualsignature","signature":"Ln5;"}
    int size -> d
    int hitCount -> e
    int missCount -> f
    1:3:void <init>(int):59:59 -> <init>
    4:7:void <init>(int):60:60 -> <init>
    8:15:void <init>(int):65:65 -> <init>
    16:19:void <init>(int):66:66 -> <init>
    20:22:void androidx.collection.internal.Lock.<init>():23:23 -> <init>
    20:22:void <init>(int):66 -> <init>
    23:25:void <init>(int):66:66 -> <init>
    26:27:void <init>(int):62:62 -> <init>
    28:32:void androidx.collection.internal.RuntimeHelpersKt.throwIllegalArgumentException(java.lang.String):52:52 -> <init>
    28:32:void <init>(int):359 -> <init>
    1:2:java.lang.Object get(java.lang.Object):96:96 -> a
    3:3:java.lang.Object get(java.lang.Object):372:372 -> a
    4:5:java.lang.Object get(java.lang.Object):97:97 -> a
    6:13:java.lang.Object androidx.collection.internal.LruHashMap.get(java.lang.Object):43:43 -> a
    6:13:java.lang.Object get(java.lang.Object):97 -> a
    14:19:java.lang.Object get(java.lang.Object):99:99 -> a
    20:23:java.lang.Object get(java.lang.Object):100:100 -> a
    24:29:java.lang.Object get(java.lang.Object):102:102 -> a