app-full/build/outputs/mapping/release/usage.txt
com.sign3.demo.full.ComposableSingletons$MainActivityKt:
    public final kotlin.jvm.functions.Function2 getLambda$-1521299574$app_full()
    public final kotlin.jvm.functions.Function2 getLambda$354409007$app_full()
com.sign3.demo.full.MainActivity:
    public static final int $stable
com.sign3.demo.full.R
com.sign3.demo.full.ComposableSingletons$MainActivityKt:
    public static final com.sign3.demo.full.ComposableSingletons$MainActivityKt INSTANCE
com.sign3.demo.full.MainActivity:
    static void <clinit>()
...
androidx.compose.foundation.text.input.internal.LegacyAdaptingPlatformTextInputModifierNode$launchTextInputSession$1
androidx.compose.foundation.text.input.internal.LegacyAdaptingPlatformTextInputModifierNode
androidx.compose.foundation.text.input.internal.LegacyAdaptingPlatformTextInputModifierNodeKt
androidx.compose.foundation.text.input.internal.LegacyCursorAnchorInfoBuilder_androidKt
androidx.compose.foundation.text.input.internal.LegacyCursorAnchorInfoController
androidx.compose.foundation.text.input.internal.LegacyPlatformTextInputServiceAdapter$LegacyPlatformTextInputNode
androidx.compose.foundation.text.input.internal.LegacyPlatformTextInputServiceAdapter
androidx.compose.foundation.text.input.internal.LegacyPlatformTextInputServiceAdapter_androidKt$inputMethodManagerFactory$1
androidx.compose.foundation.text.input.internal.LegacyPlatformTextInputServiceAdapter_androidKt
androidx.compose.foundation.text.input.internal.LegacyTextInputMethodRequest$createInputConnection$1
androidx.compose.foundation.text.input.internal.LegacyTextInputMethodRequest
androidx.compose.foundation.text.input.internal.LocaleListHelper
androidx.compose.foundation.text.input.internal.MaskCodepointTransformation
androidx.compose.foundation.text.input.internal.MathUtilsKt
androidx.compose.foundation.text.input.internal.OffsetMappingCalculator
androidx.compose.foundation.text.input.internal.OffsetMappingCalculatorKt
androidx.compose.foundation.text.input.internal.OpArray
androidx.compose.foundation.text.input.internal.PartialGapBuffer$Companion
androidx.compose.foundation.text.input.internal.PartialGapBuffer
androidx.compose.foundation.text.input.internal.RecordingInputConnection
androidx.compose.foundation.text.input.internal.RecordingInputConnection_androidKt
androidx.compose.foundation.text.input.internal.SelectionWedgeAffinity
androidx.compose.foundation.text.input.internal.SingleLineCodepointTransformation
androidx.compose.foundation.text.input.internal.StatelessInputConnection$commitContentDelegateInputConnection$1
androidx.compose.foundation.text.input.internal.StatelessInputConnection$terminalInputConnection$1
androidx.compose.foundation.text.input.internal.StatelessInputConnection
androidx.compose.foundation.text.input.internal.StatelessInputConnection_androidKt
androidx.compose.foundation.text.input.internal.TextFieldCoreModifier
androidx.compose.foundation.text.input.internal.TextFieldCoreModifierKt
androidx.compose.foundation.text.input.internal.TextFieldCoreModifierNode$startCursorJob$1$2
androidx.compose.foundation.text.input.internal.TextFieldCoreModifierNode$startCursorJob$1
androidx.compose.foundation.text.input.internal.TextFieldCoreModifierNode$textContextMenuToolbarHandlerNode$1
androidx.compose.foundation.text.input.internal.TextFieldCoreModifierNode$textContextMenuToolbarHandlerNode$2
androidx.compose.foundation.text.input.internal.TextFieldCoreModifierNode$updateScrollState$1
androidx.compose.foundation.text.input.internal.TextFieldCoreModifierNode
androidx.compose.foundation.text.input.internal.TextFieldDecoratorModifier
androidx.compose.foundation.text.input.internal.TextFieldDecoratorModifierKt
androidx.compose.foundation.text.input.internal.TextFieldDecoratorModifierNode$applySemantics$10$1
androidx.compose.foundation.text.input.internal.TextFieldDecoratorModifierNode$applySemantics$11$1
androidx.compose.foundation.text.input.internal.TextFieldDecoratorModifierNode$applySemantics$12$1
androidx.compose.foundation.text.input.internal.TextFieldDecoratorModifierNode$applySemantics$2$2
androidx.compose.foundation.text.input.internal.TextFieldDecoratorModifierNode$clipboardKeyCommandsHandler$1$1$WhenMappings
androidx.compose.foundation.text.input.internal.TextFieldDecoratorModifierNode$clipboardKeyCommandsHandler$1$1
androidx.compose.foundation.text.input.internal.TextFieldDecoratorModifierNode$keyboardActionScope$1
androidx.compose.foundation.text.input.internal.TextFieldDecoratorModifierNode$observeUntransformedTextChanges$3